[00:19:02] [ServerMain/INFO]: Environment: Environment[sessionHost=https://sessionserver.mojang.com, servicesHost=https://api.minecraftservices.com, name=PROD]
[00:19:03] [ServerMain/INFO]: No existing world data, creating new world
[00:19:04] [ServerMain/INFO]: Loaded 1290 recipes
[00:19:04] [ServerMain/INFO]: Loaded 1399 advancements
[00:19:05] [Server thread/INFO]: Starting minecraft server version 1.21
[00:19:05] [Server thread/INFO]: Loading properties
[00:19:05] [Server thread/INFO]: Default game type: SURVIVAL
[00:19:05] [Server thread/INFO]: Generating keypair
[00:19:05] [Server thread/INFO]: Starting Minecraft server on *:25565
[00:19:05] [Server thread/INFO]: Using epoll channel type
[00:19:05] [Server thread/WARN]: **** SERVER IS RUNNING IN OFFLINE/INSECURE MODE!
[00:19:05] [Server thread/WARN]: The server will make no attempt to authenticate usernames. Beware.
[00:19:05] [Server thread/WARN]: While this makes the game possible to play without internet access, it also opens up the ability for hackers to connect with any username they choose.
[00:19:05] [Server thread/WARN]: To change this, set "online-mode" to "true" in the server.properties file.
[00:19:05] [Server thread/INFO]: Preparing level "world"
[00:19:12] [Server thread/INFO]: Preparing start region for dimension minecraft:overworld
[00:19:12] [Worker-Main-2/INFO]: Preparing spawn area: 2%
[00:19:13] [Worker-Main-3/INFO]: Preparing spawn area: 2%
[00:19:13] [Worker-Main-3/INFO]: Preparing spawn area: 2%
[00:19:14] [Worker-Main-3/INFO]: Preparing spawn area: 2%
[00:19:14] [Worker-Main-2/INFO]: Preparing spawn area: 2%
[00:19:15] [Worker-Main-3/INFO]: Preparing spawn area: 18%
[00:19:15] [Worker-Main-3/INFO]: Preparing spawn area: 18%
[00:19:16] [Worker-Main-3/INFO]: Preparing spawn area: 18%
[00:19:16] [Worker-Main-1/INFO]: Preparing spawn area: 18%
[00:19:18] [Worker-Main-2/INFO]: Preparing spawn area: 18%
[00:19:18] [Worker-Main-2/INFO]: Preparing spawn area: 18%
[00:19:18] [Worker-Main-2/INFO]: Preparing spawn area: 18%
[00:19:18] [Worker-Main-1/INFO]: Preparing spawn area: 51%
[00:19:19] [Worker-Main-3/INFO]: Preparing spawn area: 51%
[00:19:19] [Worker-Main-1/INFO]: Preparing spawn area: 51%
[00:19:20] [Server thread/INFO]: Time elapsed: 7550 ms
[00:19:20] [Server thread/INFO]: Done (14.558s)! For help, type "help"
[00:23:03] [Server thread/INFO]: leoelpro167[/172.27.46.29:58180] logged in with entity id 13 at (101.5, 83.0, 24.5)
[00:23:03] [Server thread/INFO]: leoelpro167 joined the game
[00:26:03] [Server thread/INFO]: leoelpro167 has made the advancement [Stone Age]
[00:26:15] [Server thread/INFO]: leoelpro167 has made the advancement [Getting an Upgrade]
[00:27:56] [Server thread/INFO]: leoelpro167 lost connection: Disconnected
[00:27:56] [Server thread/INFO]: leoelpro167 left the game
